✅ Połączono z bazą MySQL!
Zalogowano jako CHAOSMC.ZONE#7756
✅ Zalogowano jako CHAOSMC.ZONE#7756
📡 Status ustawiony: Ogląda CHAOSMC.ZONE
[AdvancedBan] Watching punishments every 3000 ms
✅ Połączono z bazą MySQL!
Zalogowano jako CHAOSMC.ZONE#7756
✅ Zalogowano jako CHAOSMC.ZONE#7756
📡 Status ustawiony: Ogląda CHAOSMC.ZONE
[AdvancedBan] Watching punishments every 3000 ms
✅ Połączono z bazą MySQL!
Zalogowano jako CHAOSMC.ZONE#7756
✅ Zalogowano jako CHAOSMC.ZONE#7756
📡 Status ustawiony: Ogląda CHAOSMC.ZONE
[AdvancedBan] Watching punishments every 3000 ms
✅ Połączono z bazą MySQL!
Zalogowano jako CHAOSMC.ZONE#7756
✅ Zalogowano jako CHAOSMC.ZONE#7756
📡 Status ustawiony: Ogląda CHAOSMC.ZONE
[AdvancedBan] Watching punishments every 3000 ms
✅ Połączono z bazą MySQL!
Zalogowano jako CHAOSMC.ZONE#7756
✅ Zalogowano jako CHAOSMC.ZONE#7756
📡 Status ustawiony: Ogląda CHAOSMC.ZONE
[AdvancedBan] Watching punishments every 3000 ms
✅ Połączono z bazą MySQL!
Zalogowano jako CHAOSMC.ZONE#7756
✅ Zalogowano jako CHAOSMC.ZONE#7756
📡 Status ustawiony: Ogląda CHAOSMC.ZONE
[AdvancedBan] Watching punishments every 3000 ms
✅ Połączono z bazą MySQL!
Zalogowano jako CHAOSMC.ZONE#7756
✅ Zalogowano jako CHAOSMC.ZONE#7756
📡 Status ustawiony: Ogląda CHAOSMC.ZONE
[AdvancedBan] Watching punishments every 3000 ms
✅ Połączono z bazą MySQL!
Zalogowano jako CHAOSMC.ZONE#7756
✅ Zalogowano jako CHAOSMC.ZONE#7756
📡 Status ustawiony: Ogląda CHAOSMC.ZONE
[AdvancedBan] Watching punishments every 3000 ms
✅ Połączono z bazą MySQL!
Zalogowano jako CHAOSMC.ZONE#7756
✅ Zalogowano jako CHAOSMC.ZONE#7756
📡 Status ustawiony: Ogląda CHAOSMC.ZONE
[AdvancedBan] Watching punishments every 3000 ms
✅ Połączono z bazą MySQL!
Zalogowano jako CHAOSMC.ZONE#7756
✅ Zalogowano jako CHAOSMC.ZONE#7756
📡 Status ustawiony: Ogląda CHAOSMC.ZONE
[AdvancedBan] Watching punishments every 3000 ms
✅ Połączono z bazą MySQL!
Zalogowano jako CHAOSMC.ZONE#7756
✅ Zalogowano jako CHAOSMC.ZONE#7756
📡 Status ustawiony: Ogląda CHAOSMC.ZONE
[AdvancedBan] Watching punishments every 3000 ms
✅ Połączono z bazą MySQL!
Zalogowano jako CHAOSMC.ZONE#7756
✅ Zalogowano jako CHAOSMC.ZONE#7756
📡 Status ustawiony: Ogląda CHAOSMC.ZONE
[AdvancedBan] Watching punishments every 3000 ms
